<?xml version="1.0" encoding="UTF-8"?>
<testsuite xmlns:xsi="http://www.w3.org/2001/XMLSchema-instance" xsi:schemaLocation="https://maven.apache.org/surefire/maven-surefire-plugin/xsd/surefire-test-report.xsd" name="org.calculator.tester.CalculatorTest" time="0.015" tests="4" errors="0" skipped="0" failures="0">
  <properties>
[...]
</properties>
  <testcase name="resultShouldBeDouble2" classname="org.calculator.tester.CalculatorTest" time="0.007"/>
  <testcase name="resultShouldBeDouble3" classname="org.calculator.tester.CalculatorTest" time="0"/>
  <testcase name="resultShouldBeDouble4" classname="org.calculator.tester.CalculatorTest" time="0"/>
  <testcase name="resultShouldBeDouble" classname="org.calculator.tester.CalculatorTest" time="0"/>
</testsuite>